2013-06-16 17:13:22+0200 [spiRss] INFO: Spider opened
2013-06-16 17:13:22+0200 [spiRss] INFO: Crawled 0 pages (at 0 pages/min), scraped 0 items (at 0 items/min)
2013-06-16 17:13:22+0200 [scrapy] DEBUG: Telnet console listening on 0.0.0.0:6024
2013-06-16 17:13:22+0200 [scrapy] DEBUG: Web service listening on 0.0.0.0:6081
2013-06-16 17:13:22+0200 [spiRss] DEBUG: Crawled (200) <GET http://www.elperiodico.com/es/rss/rss_portada.xml> (referer: None)
2013-06-16 17:13:22+0200 [spiRss] ERROR: Spider error processing <GET http://www.elperiodico.com/es/rss/rss_portada.xml>
	Traceback (most recent call last):
	  File "/usr/local/lib/python2.7/dist-packages/twisted/internet/base.py", line 1201, in mainLoop
	    self.runUntilCurrent()
	  File "/usr/local/lib/python2.7/dist-packages/twisted/internet/base.py", line 824, in runUntilCurrent
	    call.func(*call.args, **call.kw)
	  File "/usr/local/lib/python2.7/dist-packages/twisted/internet/defer.py", line 380, in callback
	    self._startRunCallbacks(result)
	  File "/usr/local/lib/python2.7/dist-packages/twisted/internet/defer.py", line 488, in _startRunCallbacks
	    self._runCallbacks()
	--- <exception caught here> ---
	  File "/usr/local/lib/python2.7/dist-packages/twisted/internet/defer.py", line 575, in _runCallbacks
	    current.result = callback(current.result, *args, **kw)
	  File "/home/i2131344/proyecto_final/rssReader/rssReader/spiders/RssSpider.py", line 22, in parse
	    xss = XmlXPathSelector(xml_response)
	exceptions.NameError: global name 'xml_response' is not defined
	
2013-06-16 17:13:22+0200 [spiRss] INFO: Closing spider (finished)
2013-06-16 17:13:22+0200 [spiRss] INFO: Dumping Scrapy stats:
	{'downloader/request_bytes': 247,
	 'downloader/request_count': 1,
	 'downloader/request_method_count/GET': 1,
	 'downloader/response_bytes': 65650,
	 'downloader/response_count': 1,
	 'downloader/response_status_count/200': 1,
	 'finish_reason': 'finished',
	 'finish_time': datetime.datetime(2013, 6, 16, 15, 13, 22, 772433),
	 'log_count/DEBUG': 7,
	 'log_count/ERROR': 1,
	 'log_count/INFO': 4,
	 'response_received_count': 1,
	 'scheduler/dequeued': 1,
	 'scheduler/dequeued/memory': 1,
	 'scheduler/enqueued': 1,
	 'scheduler/enqueued/memory': 1,
	 'spider_exceptions/NameError': 1,
	 'start_time': datetime.datetime(2013, 6, 16, 15, 13, 22, 542382)}
2013-06-16 17:13:22+0200 [spiRss] INFO: Spider closed (finished)
